2015-06-17 23:05:54 Error: [NotFoundException] This service is deactivated.
Request URL: /activity/index/img/favicon.ico
Stack Trace:
#0 [internal function]: ActivityController->index('img', 'favicon.ico')
#1 /var/www/waterspot/lib/Cake/Controller/Controller.php(486): ReflectionMethod->invokeArgs(Object(ActivityController), Array)
#2 /var/www/waterspot/lib/Cake/Routing/Dispatcher.php(187): Controller->invokeAction(Object(CakeRequest))
#3 /var/www/waterspot/lib/Cake/Routing/Dispatcher.php(162): Dispatcher->_invoke(Object(ActivityController), Object(CakeRequest), Object(CakeResponse))
#4 /var/www/waterspot/app/webroot/index.php(111): Dispatcher->dispatch(Object(CakeRequest), Object(CakeResponse))
#5 {main}
2015-06-17 23:06:00 Error: [MissingControllerException] Controller class CssController could not be found.
Exception Attributes: array (
  'class' => 'CssController',
  'plugin' => NULL,
)
Request URL: /css/jquery.jscrollpane.css
Stack Trace:
#0 /var/www/waterspot/app/webroot/index.php(111): Dispatcher->dispatch(Object(CakeRequest), Object(CakeResponse))
#1 {main}
2015-06-17 23:06:00 Error: [MissingControllerException] Controller class CssController could not be found.
Exception Attributes: array (
  'class' => 'CssController',
  'plugin' => NULL,
)
Request URL: /css/activity.css
Stack Trace:
#0 /var/www/waterspot/app/webroot/index.php(111): Dispatcher->dispatch(Object(CakeRequest), Object(CakeResponse))
#1 {main}
2015-06-17 23:06:00 Error: [MissingControllerException] Controller class CssController could not be found.
Exception Attributes: array (
  'class' => 'CssController',
  'plugin' => NULL,
)
Request URL: /css/fotorama.css
Stack Trace:
#0 /var/www/waterspot/app/webroot/index.php(111): Dispatcher->dispatch(Object(CakeRequest), Object(CakeResponse))
#1 {main}
2015-06-17 23:06:00 Error: [MissingControllerException] Controller class JsController could not be found.
Exception Attributes: array (
  'class' => 'JsController',
  'plugin' => NULL,
)
Request URL: /js/login.js
Stack Trace:
#0 /var/www/waterspot/app/webroot/index.php(111): Dispatcher->dispatch(Object(CakeRequest), Object(CakeResponse))
#1 {main}
2015-06-17 23:06:01 Error: [MissingControllerException] Controller class CssController could not be found.
Exception Attributes: array (
  'class' => 'CssController',
  'plugin' => NULL,
)
Request URL: /css/responsive-tabs.css
Stack Trace:
#0 /var/www/waterspot/app/webroot/index.php(111): Dispatcher->dispatch(Object(CakeRequest), Object(CakeResponse))
#1 {main}
2015-06-17 23:06:01 Error: [MissingControllerException] Controller class JsController could not be found.
Exception Attributes: array (
  'class' => 'JsController',
  'plugin' => NULL,
)
Request URL: /js/jquery.tools.min.js
Stack Trace:
#0 /var/www/waterspot/app/webroot/index.php(111): Dispatcher->dispatch(Object(CakeRequest), Object(CakeResponse))
#1 {main}
2015-06-17 23:06:01 Error: [MissingControllerException] Controller class JsController could not be found.
Exception Attributes: array (
  'class' => 'JsController',
  'plugin' => NULL,
)
Request URL: /js/jquery.mousewheel.js
Stack Trace:
#0 /var/www/waterspot/app/webroot/index.php(111): Dispatcher->dispatch(Object(CakeRequest), Object(CakeResponse))
#1 {main}
2015-06-17 23:06:01 Error: [MissingControllerException] Controller class JsController could not be found.
Exception Attributes: array (
  'class' => 'JsController',
  'plugin' => NULL,
)
Request URL: /js/jquery.jscrollpane.min.js
Stack Trace:
#0 /var/www/waterspot/app/webroot/index.php(111): Dispatcher->dispatch(Object(CakeRequest), Object(CakeResponse))
#1 {main}
2015-06-17 23:06:02 Error: [MissingControllerException] Controller class JsController could not be found.
Exception Attributes: array (
  'class' => 'JsController',
  'plugin' => NULL,
)
Request URL: /js/fotorama.js
Stack Trace:
#0 /var/www/waterspot/app/webroot/index.php(111): Dispatcher->dispatch(Object(CakeRequest), Object(CakeResponse))
#1 {main}
2015-06-17 23:06:02 Error: [MissingControllerException] Controller class JsController could not be found.
Exception Attributes: array (
  'class' => 'JsController',
  'plugin' => NULL,
)
Request URL: /js/jquery.fancybox.js
Stack Trace:
#0 /var/www/waterspot/app/webroot/index.php(111): Dispatcher->dispatch(Object(CakeRequest), Object(CakeResponse))
#1 {main}
2015-06-17 23:06:02 Error: [MissingControllerException] Controller class JsController could not be found.
Exception Attributes: array (
  'class' => 'JsController',
  'plugin' => NULL,
)
Request URL: /js/responsive-tabs.js
Stack Trace:
#0 /var/www/waterspot/app/webroot/index.php(111): Dispatcher->dispatch(Object(CakeRequest), Object(CakeResponse))
#1 {main}
